CRITICAL - 2023-08-04 09:38:34 --> Undefined global variable $_SESSION
in APPPATH/Views/pages/profilev2.php on line 266.
 1 APPPATH/Views/pages/profilev2.php(266): CodeIgniter\Debug\Exceptions->errorHandler(2, 'Undefined global variable $_SESSION', '/Users/sunti/hrm-project-frontend/app/Views/pages/profilev2.php', 266)
 2 SYSTEMPATH/View/View.php(224): include('/Users/sunti/hrm-project-frontend/app/Views/pages/profilev2.php')
 3 SYSTEMPATH/View/View.php(227): CodeIgniter\View\View->CodeIgniter\View\{closure}()
 4 SYSTEMPATH/Common.php(1180): CodeIgniter\View\View->render('pages/profilev2', [], true)
 5 APPPATH/Controllers/ProfileCon.php(141): view('pages/profilev2', [...])
 6 SYSTEMPATH/CodeIgniter.php(932): App\Controllers\ProfileCon->profilev2()
 7 SYSTEMPATH/CodeIgniter.php(497): CodeIgniter\CodeIgniter->runController(Object(App\Controllers\ProfileCon))
 8 SYSTEMPATH/CodeIgniter.php(366): CodeIgniter\CodeIgniter->handleRequest(null, Object(Config\Cache), false)
 9 FCPATH/index.php(67): CodeIgniter\CodeIgniter->run()
10 SYSTEMPATH/Commands/Server/rewrite.php(47): require_once('/Users/sunti/hrm-project-frontend/public/index.php')
CRITICAL - 2023-08-04 09:38:56 --> Undefined global variable $_SESSION
in APPPATH/Views/pages/profilev2.php on line 266.
 1 APPPATH/Views/pages/profilev2.php(266): CodeIgniter\Debug\Exceptions->errorHandler(2, 'Undefined global variable $_SESSION', '/Users/sunti/hrm-project-frontend/app/Views/pages/profilev2.php', 266)
 2 SYSTEMPATH/View/View.php(224): include('/Users/sunti/hrm-project-frontend/app/Views/pages/profilev2.php')
 3 SYSTEMPATH/View/View.php(227): CodeIgniter\View\View->CodeIgniter\View\{closure}()
 4 SYSTEMPATH/Common.php(1180): CodeIgniter\View\View->render('pages/profilev2', [], true)
 5 APPPATH/Controllers/ProfileCon.php(141): view('pages/profilev2', [...])
 6 SYSTEMPATH/CodeIgniter.php(932): App\Controllers\ProfileCon->profilev2()
 7 SYSTEMPATH/CodeIgniter.php(497): CodeIgniter\CodeIgniter->runController(Object(App\Controllers\ProfileCon))
 8 SYSTEMPATH/CodeIgniter.php(366): CodeIgniter\CodeIgniter->handleRequest(null, Object(Config\Cache), false)
 9 FCPATH/index.php(67): CodeIgniter\CodeIgniter->run()
10 SYSTEMPATH/Commands/Server/rewrite.php(47): require_once('/Users/sunti/hrm-project-frontend/public/index.php')
CRITICAL - 2023-08-04 09:39:46 --> Undefined global variable $_SESSION
in APPPATH/Views/pages/profilev2.php on line 266.
 1 APPPATH/Views/pages/profilev2.php(266): CodeIgniter\Debug\Exceptions->errorHandler(2, 'Undefined global variable $_SESSION', '/Users/sunti/hrm-project-frontend/app/Views/pages/profilev2.php', 266)
 2 SYSTEMPATH/View/View.php(224): include('/Users/sunti/hrm-project-frontend/app/Views/pages/profilev2.php')
 3 SYSTEMPATH/View/View.php(227): CodeIgniter\View\View->CodeIgniter\View\{closure}()
 4 SYSTEMPATH/Common.php(1180): CodeIgniter\View\View->render('pages/profilev2', [], true)
 5 APPPATH/Controllers/ProfileCon.php(141): view('pages/profilev2', [...])
 6 SYSTEMPATH/CodeIgniter.php(932): App\Controllers\ProfileCon->profilev2()
 7 SYSTEMPATH/CodeIgniter.php(497): CodeIgniter\CodeIgniter->runController(Object(App\Controllers\ProfileCon))
 8 SYSTEMPATH/CodeIgniter.php(366): CodeIgniter\CodeIgniter->handleRequest(null, Object(Config\Cache), false)
 9 FCPATH/index.php(67): CodeIgniter\CodeIgniter->run()
10 SYSTEMPATH/Commands/Server/rewrite.php(47): require_once('/Users/sunti/hrm-project-frontend/public/index.php')
CRITICAL - 2023-08-04 09:40:30 --> Undefined global variable $_SESSION
in APPPATH/Views/pages/profilev2.php on line 266.
 1 APPPATH/Views/pages/profilev2.php(266): CodeIgniter\Debug\Exceptions->errorHandler(2, 'Undefined global variable $_SESSION', '/Users/sunti/hrm-project-frontend/app/Views/pages/profilev2.php', 266)
 2 SYSTEMPATH/View/View.php(224): include('/Users/sunti/hrm-project-frontend/app/Views/pages/profilev2.php')
 3 SYSTEMPATH/View/View.php(227): CodeIgniter\View\View->CodeIgniter\View\{closure}()
 4 SYSTEMPATH/Common.php(1180): CodeIgniter\View\View->render('pages/profilev2', [], true)
 5 APPPATH/Controllers/ProfileCon.php(141): view('pages/profilev2', [...])
 6 SYSTEMPATH/CodeIgniter.php(932): App\Controllers\ProfileCon->profilev2()
 7 SYSTEMPATH/CodeIgniter.php(497): CodeIgniter\CodeIgniter->runController(Object(App\Controllers\ProfileCon))
 8 SYSTEMPATH/CodeIgniter.php(366): CodeIgniter\CodeIgniter->handleRequest(null, Object(Config\Cache), false)
 9 FCPATH/index.php(67): CodeIgniter\CodeIgniter->run()
10 SYSTEMPATH/Commands/Server/rewrite.php(47): require_once('/Users/sunti/hrm-project-frontend/public/index.php')
CRITICAL - 2023-08-04 16:41:18 --> cURL error 52: Empty reply from server (see https://curl.haxx.se/libcurl/c/libcurl-errors.html) for http://localhost:3333/mobile/unpack
in VENDORPATH/guzzlehttp/guzzle/src/Handler/CurlFactory.php on line 210.
 1 VENDORPATH/guzzlehttp/guzzle/src/Handler/CurlFactory.php(158): GuzzleHttp\Handler\CurlFactory::createRejection(Object(GuzzleHttp\Handler\EasyHandle), [...])
 2 VENDORPATH/guzzlehttp/guzzle/src/Handler/CurlFactory.php(110): GuzzleHttp\Handler\CurlFactory::finishError(Object(GuzzleHttp\Handler\CurlHandler), Object(GuzzleHttp\Handler\EasyHandle), Object(GuzzleHttp\Handler\CurlFactory))
 3 VENDORPATH/guzzlehttp/guzzle/src/Handler/CurlHandler.php(47): GuzzleHttp\Handler\CurlFactory::finish(Object(GuzzleHttp\Handler\CurlHandler), Object(GuzzleHttp\Handler\EasyHandle), Object(GuzzleHttp\Handler\CurlFactory))
 4 VENDORPATH/guzzlehttp/guzzle/src/Handler/Proxy.php(28): GuzzleHttp\Handler\CurlHandler->__invoke(Object(GuzzleHttp\Psr7\Request), [...])
 5 VENDORPATH/guzzlehttp/guzzle/src/Handler/Proxy.php(48): GuzzleHttp\Handler\Proxy::GuzzleHttp\Handler\{closure}(Object(GuzzleHttp\Psr7\Request), [...])
 6 VENDORPATH/guzzlehttp/guzzle/src/PrepareBodyMiddleware.php(64): GuzzleHttp\Handler\Proxy::GuzzleHttp\Handler\{closure}(Object(GuzzleHttp\Psr7\Request), [...])
 7 VENDORPATH/guzzlehttp/guzzle/src/Middleware.php(31): GuzzleHttp\PrepareBodyMiddleware->__invoke(Object(GuzzleHttp\Psr7\Request), [...])
 8 VENDORPATH/guzzlehttp/guzzle/src/RedirectMiddleware.php(71): GuzzleHttp\Middleware::GuzzleHttp\{closure}(Object(GuzzleHttp\Psr7\Request), [...])
 9 VENDORPATH/guzzlehttp/guzzle/src/Middleware.php(66): GuzzleHttp\RedirectMiddleware->__invoke(Object(GuzzleHttp\Psr7\Request), [...])
10 VENDORPATH/guzzlehttp/guzzle/src/HandlerStack.php(75): GuzzleHttp\Middleware::GuzzleHttp\{closure}(Object(GuzzleHttp\Psr7\Request), [...])
11 VENDORPATH/guzzlehttp/guzzle/src/Client.php(333): GuzzleHttp\HandlerStack->__invoke(Object(GuzzleHttp\Psr7\Request), [...])
12 VENDORPATH/guzzlehttp/guzzle/src/Client.php(169): GuzzleHttp\Client->transfer(Object(GuzzleHttp\Psr7\Request), [...])
13 VENDORPATH/guzzlehttp/guzzle/src/Client.php(189): GuzzleHttp\Client->requestAsync('POST', Object(GuzzleHttp\Psr7\Uri), [...])
14 APPPATH/Controllers/Homecon.php(55): GuzzleHttp\Client->request('POST', 'http://localhost:3333/mobile/unpack', [...])
15 SYSTEMPATH/CodeIgniter.php(932): App\Controllers\Homecon->home()
16 SYSTEMPATH/CodeIgniter.php(497): CodeIgniter\CodeIgniter->runController(Object(App\Controllers\Homecon))
17 SYSTEMPATH/CodeIgniter.php(366): CodeIgniter\CodeIgniter->handleRequest(null, Object(Config\Cache), false)
18 FCPATH/index.php(67): CodeIgniter\CodeIgniter->run()
19 SYSTEMPATH/Commands/Server/rewrite.php(47): require_once('/Users/sunti/hrm-project-frontend/public/index.php')
CRITICAL - 2023-08-04 16:41:18 --> cURL error 7: Failed to connect to localhost port 3333 after 5 ms: Couldn't connect to server (see https://curl.haxx.se/libcurl/c/libcurl-errors.html) for http://localhost:3333/mobile/unpack
in VENDORPATH/guzzlehttp/guzzle/src/Handler/CurlFactory.php on line 210.
 1 VENDORPATH/guzzlehttp/guzzle/src/Handler/CurlFactory.php(158): GuzzleHttp\Handler\CurlFactory::createRejection(Object(GuzzleHttp\Handler\EasyHandle), [...])
 2 VENDORPATH/guzzlehttp/guzzle/src/Handler/CurlFactory.php(110): GuzzleHttp\Handler\CurlFactory::finishError(Object(GuzzleHttp\Handler\CurlHandler), Object(GuzzleHttp\Handler\EasyHandle), Object(GuzzleHttp\Handler\CurlFactory))
 3 VENDORPATH/guzzlehttp/guzzle/src/Handler/CurlHandler.php(47): GuzzleHttp\Handler\CurlFactory::finish(Object(GuzzleHttp\Handler\CurlHandler), Object(GuzzleHttp\Handler\EasyHandle), Object(GuzzleHttp\Handler\CurlFactory))
 4 VENDORPATH/guzzlehttp/guzzle/src/Handler/Proxy.php(28): GuzzleHttp\Handler\CurlHandler->__invoke(Object(GuzzleHttp\Psr7\Request), [...])
 5 VENDORPATH/guzzlehttp/guzzle/src/Handler/Proxy.php(48): GuzzleHttp\Handler\Proxy::GuzzleHttp\Handler\{closure}(Object(GuzzleHttp\Psr7\Request), [...])
 6 VENDORPATH/guzzlehttp/guzzle/src/PrepareBodyMiddleware.php(64): GuzzleHttp\Handler\Proxy::GuzzleHttp\Handler\{closure}(Object(GuzzleHttp\Psr7\Request), [...])
 7 VENDORPATH/guzzlehttp/guzzle/src/Middleware.php(31): GuzzleHttp\PrepareBodyMiddleware->__invoke(Object(GuzzleHttp\Psr7\Request), [...])
 8 VENDORPATH/guzzlehttp/guzzle/src/RedirectMiddleware.php(71): GuzzleHttp\Middleware::GuzzleHttp\{closure}(Object(GuzzleHttp\Psr7\Request), [...])
 9 VENDORPATH/guzzlehttp/guzzle/src/Middleware.php(66): GuzzleHttp\RedirectMiddleware->__invoke(Object(GuzzleHttp\Psr7\Request), [...])
10 VENDORPATH/guzzlehttp/guzzle/src/HandlerStack.php(75): GuzzleHttp\Middleware::GuzzleHttp\{closure}(Object(GuzzleHttp\Psr7\Request), [...])
11 VENDORPATH/guzzlehttp/guzzle/src/Client.php(333): GuzzleHttp\HandlerStack->__invoke(Object(GuzzleHttp\Psr7\Request), [...])
12 VENDORPATH/guzzlehttp/guzzle/src/Client.php(169): GuzzleHttp\Client->transfer(Object(GuzzleHttp\Psr7\Request), [...])
13 VENDORPATH/guzzlehttp/guzzle/src/Client.php(189): GuzzleHttp\Client->requestAsync('POST', Object(GuzzleHttp\Psr7\Uri), [...])
14 APPPATH/Controllers/Homecon.php(55): GuzzleHttp\Client->request('POST', 'http://localhost:3333/mobile/unpack', [...])
15 SYSTEMPATH/CodeIgniter.php(932): App\Controllers\Homecon->home()
16 SYSTEMPATH/CodeIgniter.php(497): CodeIgniter\CodeIgniter->runController(Object(App\Controllers\Homecon))
17 SYSTEMPATH/CodeIgniter.php(366): CodeIgniter\CodeIgniter->handleRequest(null, Object(Config\Cache), false)
18 FCPATH/index.php(67): CodeIgniter\CodeIgniter->run()
19 SYSTEMPATH/Commands/Server/rewrite.php(47): require_once('/Users/sunti/hrm-project-frontend/public/index.php')
CRITICAL - 2023-08-04 16:41:18 --> cURL error 7: Failed to connect to localhost port 3333 after 0 ms: Couldn't connect to server (see https://curl.haxx.se/libcurl/c/libcurl-errors.html) for http://localhost:3333/mobile/unpack
in VENDORPATH/guzzlehttp/guzzle/src/Handler/CurlFactory.php on line 210.
 1 VENDORPATH/guzzlehttp/guzzle/src/Handler/CurlFactory.php(158): GuzzleHttp\Handler\CurlFactory::createRejection(Object(GuzzleHttp\Handler\EasyHandle), [...])
 2 VENDORPATH/guzzlehttp/guzzle/src/Handler/CurlFactory.php(110): GuzzleHttp\Handler\CurlFactory::finishError(Object(GuzzleHttp\Handler\CurlHandler), Object(GuzzleHttp\Handler\EasyHandle), Object(GuzzleHttp\Handler\CurlFactory))
 3 VENDORPATH/guzzlehttp/guzzle/src/Handler/CurlHandler.php(47): GuzzleHttp\Handler\CurlFactory::finish(Object(GuzzleHttp\Handler\CurlHandler), Object(GuzzleHttp\Handler\EasyHandle), Object(GuzzleHttp\Handler\CurlFactory))
 4 VENDORPATH/guzzlehttp/guzzle/src/Handler/Proxy.php(28): GuzzleHttp\Handler\CurlHandler->__invoke(Object(GuzzleHttp\Psr7\Request), [...])
 5 VENDORPATH/guzzlehttp/guzzle/src/Handler/Proxy.php(48): GuzzleHttp\Handler\Proxy::GuzzleHttp\Handler\{closure}(Object(GuzzleHttp\Psr7\Request), [...])
 6 VENDORPATH/guzzlehttp/guzzle/src/PrepareBodyMiddleware.php(64): GuzzleHttp\Handler\Proxy::GuzzleHttp\Handler\{closure}(Object(GuzzleHttp\Psr7\Request), [...])
 7 VENDORPATH/guzzlehttp/guzzle/src/Middleware.php(31): GuzzleHttp\PrepareBodyMiddleware->__invoke(Object(GuzzleHttp\Psr7\Request), [...])
 8 VENDORPATH/guzzlehttp/guzzle/src/RedirectMiddleware.php(71): GuzzleHttp\Middleware::GuzzleHttp\{closure}(Object(GuzzleHttp\Psr7\Request), [...])
 9 VENDORPATH/guzzlehttp/guzzle/src/Middleware.php(66): GuzzleHttp\RedirectMiddleware->__invoke(Object(GuzzleHttp\Psr7\Request), [...])
10 VENDORPATH/guzzlehttp/guzzle/src/HandlerStack.php(75): GuzzleHttp\Middleware::GuzzleHttp\{closure}(Object(GuzzleHttp\Psr7\Request), [...])
11 VENDORPATH/guzzlehttp/guzzle/src/Client.php(333): GuzzleHttp\HandlerStack->__invoke(Object(GuzzleHttp\Psr7\Request), [...])
12 VENDORPATH/guzzlehttp/guzzle/src/Client.php(169): GuzzleHttp\Client->transfer(Object(GuzzleHttp\Psr7\Request), [...])
13 VENDORPATH/guzzlehttp/guzzle/src/Client.php(189): GuzzleHttp\Client->requestAsync('POST', Object(GuzzleHttp\Psr7\Uri), [...])
14 APPPATH/Controllers/Homecon.php(55): GuzzleHttp\Client->request('POST', 'http://localhost:3333/mobile/unpack', [...])
15 SYSTEMPATH/CodeIgniter.php(932): App\Controllers\Homecon->home()
16 SYSTEMPATH/CodeIgniter.php(497): CodeIgniter\CodeIgniter->runController(Object(App\Controllers\Homecon))
17 SYSTEMPATH/CodeIgniter.php(366): CodeIgniter\CodeIgniter->handleRequest(null, Object(Config\Cache), false)
18 FCPATH/index.php(67): CodeIgniter\CodeIgniter->run()
19 SYSTEMPATH/Commands/Server/rewrite.php(47): require_once('/Users/sunti/hrm-project-frontend/public/index.php')
CRITICAL - 2023-08-04 09:41:28 --> Undefined global variable $_SESSION
in APPPATH/Views/pages/profilev2.php on line 266.
 1 APPPATH/Views/pages/profilev2.php(266): CodeIgniter\Debug\Exceptions->errorHandler(2, 'Undefined global variable $_SESSION', '/Users/sunti/hrm-project-frontend/app/Views/pages/profilev2.php', 266)
 2 SYSTEMPATH/View/View.php(224): include('/Users/sunti/hrm-project-frontend/app/Views/pages/profilev2.php')
 3 SYSTEMPATH/View/View.php(227): CodeIgniter\View\View->CodeIgniter\View\{closure}()
 4 SYSTEMPATH/Common.php(1180): CodeIgniter\View\View->render('pages/profilev2', [], true)
 5 APPPATH/Controllers/ProfileCon.php(141): view('pages/profilev2', [...])
 6 SYSTEMPATH/CodeIgniter.php(932): App\Controllers\ProfileCon->profilev2()
 7 SYSTEMPATH/CodeIgniter.php(497): CodeIgniter\CodeIgniter->runController(Object(App\Controllers\ProfileCon))
 8 SYSTEMPATH/CodeIgniter.php(366): CodeIgniter\CodeIgniter->handleRequest(null, Object(Config\Cache), false)
 9 FCPATH/index.php(67): CodeIgniter\CodeIgniter->run()
10 SYSTEMPATH/Commands/Server/rewrite.php(47): require_once('/Users/sunti/hrm-project-frontend/public/index.php')
CRITICAL - 2023-08-04 09:42:09 --> Undefined global variable $_SESSION
in APPPATH/Views/pages/profilev2.php on line 266.
 1 APPPATH/Views/pages/profilev2.php(266): CodeIgniter\Debug\Exceptions->errorHandler(2, 'Undefined global variable $_SESSION', '/Users/sunti/hrm-project-frontend/app/Views/pages/profilev2.php', 266)
 2 SYSTEMPATH/View/View.php(224): include('/Users/sunti/hrm-project-frontend/app/Views/pages/profilev2.php')
 3 SYSTEMPATH/View/View.php(227): CodeIgniter\View\View->CodeIgniter\View\{closure}()
 4 SYSTEMPATH/Common.php(1180): CodeIgniter\View\View->render('pages/profilev2', [], true)
 5 APPPATH/Controllers/ProfileCon.php(141): view('pages/profilev2', [...])
 6 SYSTEMPATH/CodeIgniter.php(932): App\Controllers\ProfileCon->profilev2()
 7 SYSTEMPATH/CodeIgniter.php(497): CodeIgniter\CodeIgniter->runController(Object(App\Controllers\ProfileCon))
 8 SYSTEMPATH/CodeIgniter.php(366): CodeIgniter\CodeIgniter->handleRequest(null, Object(Config\Cache), false)
 9 FCPATH/index.php(67): CodeIgniter\CodeIgniter->run()
10 SYSTEMPATH/Commands/Server/rewrite.php(47): require_once('/Users/sunti/hrm-project-frontend/public/index.php')
CRITICAL - 2023-08-04 09:48:34 --> Undefined variable $hire_date
in APPPATH/Controllers/ProfileCon.php on line 259.
 1 APPPATH/Controllers/ProfileCon.php(259): CodeIgniter\Debug\Exceptions->errorHandler(2, 'Undefined variable $hire_date', '/Users/sunti/hrm-project-frontend/app/Controllers/ProfileCon.php', 259)
 2 SYSTEMPATH/CodeIgniter.php(932): App\Controllers\ProfileCon->profile_by_idv2()
 3 SYSTEMPATH/CodeIgniter.php(497): CodeIgniter\CodeIgniter->runController(Object(App\Controllers\ProfileCon))
 4 SYSTEMPATH/CodeIgniter.php(366): CodeIgniter\CodeIgniter->handleRequest(null, Object(Config\Cache), false)
 5 FCPATH/index.php(67): CodeIgniter\CodeIgniter->run()
 6 SYSTEMPATH/Commands/Server/rewrite.php(47): require_once('/Users/sunti/hrm-project-frontend/public/index.php')
