CRITICAL - 2023-08-06 16:55:43 --> Undefined array key "token"
in APPPATH/Views/pages/profilev2.php on line 246.
 1 APPPATH/Views/pages/profilev2.php(246): CodeIgniter\Debug\Exceptions->errorHandler(2, 'Undefined array key "token"', '/Users/sunti/hrm-project-frontend/app/Views/pages/profilev2.php', 246)
 2 SYSTEMPATH/View/View.php(224): include('/Users/sunti/hrm-project-frontend/app/Views/pages/profilev2.php')
 3 SYSTEMPATH/View/View.php(227): CodeIgniter\View\View->CodeIgniter\View\{closure}()
 4 SYSTEMPATH/Common.php(1180): CodeIgniter\View\View->render('pages/profilev2', [], true)
 5 APPPATH/Controllers/ProfileCon.php(141): view('pages/profilev2', [...])
 6 SYSTEMPATH/CodeIgniter.php(932): App\Controllers\ProfileCon->profilev2()
 7 SYSTEMPATH/CodeIgniter.php(497): CodeIgniter\CodeIgniter->runController(Object(App\Controllers\ProfileCon))
 8 SYSTEMPATH/CodeIgniter.php(366): CodeIgniter\CodeIgniter->handleRequest(null, Object(Config\Cache), false)
 9 FCPATH/index.php(67): CodeIgniter\CodeIgniter->run()
10 SYSTEMPATH/Commands/Server/rewrite.php(47): require_once('/Users/sunti/hrm-project-frontend/public/index.php')
CRITICAL - 2023-08-06 16:55:44 --> Undefined array key "token"
in APPPATH/Views/pages/profilev2.php on line 246.
 1 APPPATH/Views/pages/profilev2.php(246): CodeIgniter\Debug\Exceptions->errorHandler(2, 'Undefined array key "token"', '/Users/sunti/hrm-project-frontend/app/Views/pages/profilev2.php', 246)
 2 SYSTEMPATH/View/View.php(224): include('/Users/sunti/hrm-project-frontend/app/Views/pages/profilev2.php')
 3 SYSTEMPATH/View/View.php(227): CodeIgniter\View\View->CodeIgniter\View\{closure}()
 4 SYSTEMPATH/Common.php(1180): CodeIgniter\View\View->render('pages/profilev2', [], true)
 5 APPPATH/Controllers/ProfileCon.php(141): view('pages/profilev2', [...])
 6 SYSTEMPATH/CodeIgniter.php(932): App\Controllers\ProfileCon->profilev2()
 7 SYSTEMPATH/CodeIgniter.php(497): CodeIgniter\CodeIgniter->runController(Object(App\Controllers\ProfileCon))
 8 SYSTEMPATH/CodeIgniter.php(366): CodeIgniter\CodeIgniter->handleRequest(null, Object(Config\Cache), false)
 9 FCPATH/index.php(67): CodeIgniter\CodeIgniter->run()
10 SYSTEMPATH/Commands/Server/rewrite.php(47): require_once('/Users/sunti/hrm-project-frontend/public/index.php')
CRITICAL - 2023-08-06 16:56:27 --> Undefined array key "token"
in APPPATH/Views/pages/profilev2.php on line 246.
 1 APPPATH/Views/pages/profilev2.php(246): CodeIgniter\Debug\Exceptions->errorHandler(2, 'Undefined array key "token"', '/Users/sunti/hrm-project-frontend/app/Views/pages/profilev2.php', 246)
 2 SYSTEMPATH/View/View.php(224): include('/Users/sunti/hrm-project-frontend/app/Views/pages/profilev2.php')
 3 SYSTEMPATH/View/View.php(227): CodeIgniter\View\View->CodeIgniter\View\{closure}()
 4 SYSTEMPATH/Common.php(1180): CodeIgniter\View\View->render('pages/profilev2', [], true)
 5 APPPATH/Controllers/ProfileCon.php(141): view('pages/profilev2', [...])
 6 SYSTEMPATH/CodeIgniter.php(932): App\Controllers\ProfileCon->profilev2()
 7 SYSTEMPATH/CodeIgniter.php(497): CodeIgniter\CodeIgniter->runController(Object(App\Controllers\ProfileCon))
 8 SYSTEMPATH/CodeIgniter.php(366): CodeIgniter\CodeIgniter->handleRequest(null, Object(Config\Cache), false)
 9 FCPATH/index.php(67): CodeIgniter\CodeIgniter->run()
10 SYSTEMPATH/Commands/Server/rewrite.php(47): require_once('/Users/sunti/hrm-project-frontend/public/index.php')
CRITICAL - 2023-08-06 16:59:19 --> Undefined variable $hire_date
in APPPATH/Controllers/ProfileCon.php on line 259.
 1 APPPATH/Controllers/ProfileCon.php(259): CodeIgniter\Debug\Exceptions->errorHandler(2, 'Undefined variable $hire_date', '/Users/sunti/hrm-project-frontend/app/Controllers/ProfileCon.php', 259)
 2 SYSTEMPATH/CodeIgniter.php(932): App\Controllers\ProfileCon->profile_by_idv2()
 3 SYSTEMPATH/CodeIgniter.php(497): CodeIgniter\CodeIgniter->runController(Object(App\Controllers\ProfileCon))
 4 SYSTEMPATH/CodeIgniter.php(366): CodeIgniter\CodeIgniter->handleRequest(null, Object(Config\Cache), false)
 5 FCPATH/index.php(67): CodeIgniter\CodeIgniter->run()
 6 SYSTEMPATH/Commands/Server/rewrite.php(47): require_once('/Users/sunti/hrm-project-frontend/public/index.php')
CRITICAL - 2023-08-06 16:59:19 --> Undefined variable $hire_date
in APPPATH/Controllers/ProfileCon.php on line 259.
 1 APPPATH/Controllers/ProfileCon.php(259): CodeIgniter\Debug\Exceptions->errorHandler(2, 'Undefined variable $hire_date', '/Users/sunti/hrm-project-frontend/app/Controllers/ProfileCon.php', 259)
 2 SYSTEMPATH/CodeIgniter.php(932): App\Controllers\ProfileCon->profile_by_idv2()
 3 SYSTEMPATH/CodeIgniter.php(497): CodeIgniter\CodeIgniter->runController(Object(App\Controllers\ProfileCon))
 4 SYSTEMPATH/CodeIgniter.php(366): CodeIgniter\CodeIgniter->handleRequest(null, Object(Config\Cache), false)
 5 FCPATH/index.php(67): CodeIgniter\CodeIgniter->run()
 6 SYSTEMPATH/Commands/Server/rewrite.php(47): require_once('/Users/sunti/hrm-project-frontend/public/index.php')
CRITICAL - 2023-08-06 16:59:20 --> Undefined variable $hire_date
in APPPATH/Controllers/ProfileCon.php on line 259.
 1 APPPATH/Controllers/ProfileCon.php(259): CodeIgniter\Debug\Exceptions->errorHandler(2, 'Undefined variable $hire_date', '/Users/sunti/hrm-project-frontend/app/Controllers/ProfileCon.php', 259)
 2 SYSTEMPATH/CodeIgniter.php(932): App\Controllers\ProfileCon->profile_by_idv2()
 3 SYSTEMPATH/CodeIgniter.php(497): CodeIgniter\CodeIgniter->runController(Object(App\Controllers\ProfileCon))
 4 SYSTEMPATH/CodeIgniter.php(366): CodeIgniter\CodeIgniter->handleRequest(null, Object(Config\Cache), false)
 5 FCPATH/index.php(67): CodeIgniter\CodeIgniter->run()
 6 SYSTEMPATH/Commands/Server/rewrite.php(47): require_once('/Users/sunti/hrm-project-frontend/public/index.php')
CRITICAL - 2023-08-06 16:59:20 --> Undefined variable $hire_date
in APPPATH/Controllers/ProfileCon.php on line 259.
 1 APPPATH/Controllers/ProfileCon.php(259): CodeIgniter\Debug\Exceptions->errorHandler(2, 'Undefined variable $hire_date', '/Users/sunti/hrm-project-frontend/app/Controllers/ProfileCon.php', 259)
 2 SYSTEMPATH/CodeIgniter.php(932): App\Controllers\ProfileCon->profile_by_idv2()
 3 SYSTEMPATH/CodeIgniter.php(497): CodeIgniter\CodeIgniter->runController(Object(App\Controllers\ProfileCon))
 4 SYSTEMPATH/CodeIgniter.php(366): CodeIgniter\CodeIgniter->handleRequest(null, Object(Config\Cache), false)
 5 FCPATH/index.php(67): CodeIgniter\CodeIgniter->run()
 6 SYSTEMPATH/Commands/Server/rewrite.php(47): require_once('/Users/sunti/hrm-project-frontend/public/index.php')
CRITICAL - 2023-08-06 16:59:21 --> Undefined variable $hire_date
in APPPATH/Controllers/ProfileCon.php on line 259.
 1 APPPATH/Controllers/ProfileCon.php(259): CodeIgniter\Debug\Exceptions->errorHandler(2, 'Undefined variable $hire_date', '/Users/sunti/hrm-project-frontend/app/Controllers/ProfileCon.php', 259)
 2 SYSTEMPATH/CodeIgniter.php(932): App\Controllers\ProfileCon->profile_by_idv2()
 3 SYSTEMPATH/CodeIgniter.php(497): CodeIgniter\CodeIgniter->runController(Object(App\Controllers\ProfileCon))
 4 SYSTEMPATH/CodeIgniter.php(366): CodeIgniter\CodeIgniter->handleRequest(null, Object(Config\Cache), false)
 5 FCPATH/index.php(67): CodeIgniter\CodeIgniter->run()
 6 SYSTEMPATH/Commands/Server/rewrite.php(47): require_once('/Users/sunti/hrm-project-frontend/public/index.php')
CRITICAL - 2023-08-06 16:59:21 --> Undefined variable $hire_date
in APPPATH/Controllers/ProfileCon.php on line 259.
 1 APPPATH/Controllers/ProfileCon.php(259): CodeIgniter\Debug\Exceptions->errorHandler(2, 'Undefined variable $hire_date', '/Users/sunti/hrm-project-frontend/app/Controllers/ProfileCon.php', 259)
 2 SYSTEMPATH/CodeIgniter.php(932): App\Controllers\ProfileCon->profile_by_idv2()
 3 SYSTEMPATH/CodeIgniter.php(497): CodeIgniter\CodeIgniter->runController(Object(App\Controllers\ProfileCon))
 4 SYSTEMPATH/CodeIgniter.php(366): CodeIgniter\CodeIgniter->handleRequest(null, Object(Config\Cache), false)
 5 FCPATH/index.php(67): CodeIgniter\CodeIgniter->run()
 6 SYSTEMPATH/Commands/Server/rewrite.php(47): require_once('/Users/sunti/hrm-project-frontend/public/index.php')
