CRITICAL - 2023-08-03 06:50:10 --> cURL error 7: Failed to connect to localhost port 3333 after 10 ms: Couldn't connect to server (see https://curl.haxx.se/libcurl/c/libcurl-errors.html) for http://localhost:3333/mobile/login
in VENDORPATH/guzzlehttp/guzzle/src/Handler/CurlFactory.php on line 210.
 1 VENDORPATH/guzzlehttp/guzzle/src/Handler/CurlFactory.php(158): GuzzleHttp\Handler\CurlFactory::createRejection(Object(GuzzleHttp\Handler\EasyHandle), [...])
 2 VENDORPATH/guzzlehttp/guzzle/src/Handler/CurlFactory.php(110): GuzzleHttp\Handler\CurlFactory::finishError(Object(GuzzleHttp\Handler\CurlHandler), Object(GuzzleHttp\Handler\EasyHandle), Object(GuzzleHttp\Handler\CurlFactory))
 3 VENDORPATH/guzzlehttp/guzzle/src/Handler/CurlHandler.php(47): GuzzleHttp\Handler\CurlFactory::finish(Object(GuzzleHttp\Handler\CurlHandler), Object(GuzzleHttp\Handler\EasyHandle), Object(GuzzleHttp\Handler\CurlFactory))
 4 VENDORPATH/guzzlehttp/guzzle/src/Handler/Proxy.php(28): GuzzleHttp\Handler\CurlHandler->__invoke(Object(GuzzleHttp\Psr7\Request), [...])
 5 VENDORPATH/guzzlehttp/guzzle/src/Handler/Proxy.php(48): GuzzleHttp\Handler\Proxy::GuzzleHttp\Handler\{closure}(Object(GuzzleHttp\Psr7\Request), [...])
 6 VENDORPATH/guzzlehttp/guzzle/src/PrepareBodyMiddleware.php(64): GuzzleHttp\Handler\Proxy::GuzzleHttp\Handler\{closure}(Object(GuzzleHttp\Psr7\Request), [...])
 7 VENDORPATH/guzzlehttp/guzzle/src/Middleware.php(31): GuzzleHttp\PrepareBodyMiddleware->__invoke(Object(GuzzleHttp\Psr7\Request), [...])
 8 VENDORPATH/guzzlehttp/guzzle/src/RedirectMiddleware.php(71): GuzzleHttp\Middleware::GuzzleHttp\{closure}(Object(GuzzleHttp\Psr7\Request), [...])
 9 VENDORPATH/guzzlehttp/guzzle/src/Middleware.php(66): GuzzleHttp\RedirectMiddleware->__invoke(Object(GuzzleHttp\Psr7\Request), [...])
10 VENDORPATH/guzzlehttp/guzzle/src/HandlerStack.php(75): GuzzleHttp\Middleware::GuzzleHttp\{closure}(Object(GuzzleHttp\Psr7\Request), [...])
11 VENDORPATH/guzzlehttp/guzzle/src/Client.php(333): GuzzleHttp\HandlerStack->__invoke(Object(GuzzleHttp\Psr7\Request), [...])
12 VENDORPATH/guzzlehttp/guzzle/src/Client.php(169): GuzzleHttp\Client->transfer(Object(GuzzleHttp\Psr7\Request), [...])
13 VENDORPATH/guzzlehttp/guzzle/src/Client.php(189): GuzzleHttp\Client->requestAsync('POST', Object(GuzzleHttp\Psr7\Uri), [...])
14 APPPATH/Controllers/LoginController.php(23): GuzzleHttp\Client->request('POST', 'http://localhost:3333/mobile/login', [...])
15 SYSTEMPATH/CodeIgniter.php(932): App\Controllers\LoginController->login('$1')
16 SYSTEMPATH/CodeIgniter.php(497): CodeIgniter\CodeIgniter->runController(Object(App\Controllers\LoginController))
17 SYSTEMPATH/CodeIgniter.php(366): CodeIgniter\CodeIgniter->handleRequest(null, Object(Config\Cache), false)
18 FCPATH/index.php(67): CodeIgniter\CodeIgniter->run()
19 SYSTEMPATH/Commands/Server/rewrite.php(47): require_once('/Users/sunti/hrm-project-frontend/public/index.php')
CRITICAL - 2023-08-03 07:07:22 --> cURL error 52: Empty reply from server (see https://curl.haxx.se/libcurl/c/libcurl-errors.html) for http://localhost:3333/mobile/unpack/v2
in VENDORPATH/guzzlehttp/guzzle/src/Handler/CurlFactory.php on line 210.
 1 VENDORPATH/guzzlehttp/guzzle/src/Handler/CurlFactory.php(158): GuzzleHttp\Handler\CurlFactory::createRejection(Object(GuzzleHttp\Handler\EasyHandle), [...])
 2 VENDORPATH/guzzlehttp/guzzle/src/Handler/CurlFactory.php(110): GuzzleHttp\Handler\CurlFactory::finishError(Object(GuzzleHttp\Handler\CurlHandler), Object(GuzzleHttp\Handler\EasyHandle), Object(GuzzleHttp\Handler\CurlFactory))
 3 VENDORPATH/guzzlehttp/guzzle/src/Handler/CurlHandler.php(47): GuzzleHttp\Handler\CurlFactory::finish(Object(GuzzleHttp\Handler\CurlHandler), Object(GuzzleHttp\Handler\EasyHandle), Object(GuzzleHttp\Handler\CurlFactory))
 4 VENDORPATH/guzzlehttp/guzzle/src/Handler/Proxy.php(28): GuzzleHttp\Handler\CurlHandler->__invoke(Object(GuzzleHttp\Psr7\Request), [...])
 5 VENDORPATH/guzzlehttp/guzzle/src/Handler/Proxy.php(48): GuzzleHttp\Handler\Proxy::GuzzleHttp\Handler\{closure}(Object(GuzzleHttp\Psr7\Request), [...])
 6 VENDORPATH/guzzlehttp/guzzle/src/PrepareBodyMiddleware.php(64): GuzzleHttp\Handler\Proxy::GuzzleHttp\Handler\{closure}(Object(GuzzleHttp\Psr7\Request), [...])
 7 VENDORPATH/guzzlehttp/guzzle/src/Middleware.php(31): GuzzleHttp\PrepareBodyMiddleware->__invoke(Object(GuzzleHttp\Psr7\Request), [...])
 8 VENDORPATH/guzzlehttp/guzzle/src/RedirectMiddleware.php(71): GuzzleHttp\Middleware::GuzzleHttp\{closure}(Object(GuzzleHttp\Psr7\Request), [...])
 9 VENDORPATH/guzzlehttp/guzzle/src/Middleware.php(66): GuzzleHttp\RedirectMiddleware->__invoke(Object(GuzzleHttp\Psr7\Request), [...])
10 VENDORPATH/guzzlehttp/guzzle/src/HandlerStack.php(75): GuzzleHttp\Middleware::GuzzleHttp\{closure}(Object(GuzzleHttp\Psr7\Request), [...])
11 VENDORPATH/guzzlehttp/guzzle/src/Client.php(333): GuzzleHttp\HandlerStack->__invoke(Object(GuzzleHttp\Psr7\Request), [...])
12 VENDORPATH/guzzlehttp/guzzle/src/Client.php(169): GuzzleHttp\Client->transfer(Object(GuzzleHttp\Psr7\Request), [...])
13 VENDORPATH/guzzlehttp/guzzle/src/Client.php(189): GuzzleHttp\Client->requestAsync('POST', Object(GuzzleHttp\Psr7\Uri), [...])
14 APPPATH/Controllers/ProfileCon.php(82): GuzzleHttp\Client->request('POST', 'http://localhost:3333/mobile/unpack/v2', [...])
15 SYSTEMPATH/CodeIgniter.php(932): App\Controllers\ProfileCon->profilev2()
16 SYSTEMPATH/CodeIgniter.php(497): CodeIgniter\CodeIgniter->runController(Object(App\Controllers\ProfileCon))
17 SYSTEMPATH/CodeIgniter.php(366): CodeIgniter\CodeIgniter->handleRequest(null, Object(Config\Cache), false)
18 FCPATH/index.php(67): CodeIgniter\CodeIgniter->run()
19 SYSTEMPATH/Commands/Server/rewrite.php(47): require_once('/Users/sunti/hrm-project-frontend/public/index.php')
CRITICAL - 2023-08-03 07:08:39 --> Undefined variable $title
in APPPATH/Views/template/header_profile.php on line 8.
 1 APPPATH/Views/template/header_profile.php(8): CodeIgniter\Debug\Exceptions->errorHandler(2, 'Undefined variable $title', '/Users/sunti/hrm-project-frontend/app/Views/template/header_profile.php', 8)
 2 SYSTEMPATH/View/View.php(224): include('/Users/sunti/hrm-project-frontend/app/Views/template/header_profile.php')
 3 SYSTEMPATH/View/View.php(227): CodeIgniter\View\View->CodeIgniter\View\{closure}()
 4 SYSTEMPATH/Common.php(1180): CodeIgniter\View\View->render('template/header_profile', [], true)
 5 APPPATH/Controllers/ProfileCon.php(15): view('template/header_profile')
 6 SYSTEMPATH/CodeIgniter.php(932): App\Controllers\ProfileCon->profilev2()
 7 SYSTEMPATH/CodeIgniter.php(497): CodeIgniter\CodeIgniter->runController(Object(App\Controllers\ProfileCon))
 8 SYSTEMPATH/CodeIgniter.php(366): CodeIgniter\CodeIgniter->handleRequest(null, Object(Config\Cache), false)
 9 FCPATH/index.php(67): CodeIgniter\CodeIgniter->run()
10 SYSTEMPATH/Commands/Server/rewrite.php(47): require_once('/Users/sunti/hrm-project-frontend/public/index.php')
CRITICAL - 2023-08-03 07:09:18 --> Undefined variable $title
in APPPATH/Views/template/header_profile.php on line 8.
 1 APPPATH/Views/template/header_profile.php(8): CodeIgniter\Debug\Exceptions->errorHandler(2, 'Undefined variable $title', '/Users/sunti/hrm-project-frontend/app/Views/template/header_profile.php', 8)
 2 SYSTEMPATH/View/View.php(224): include('/Users/sunti/hrm-project-frontend/app/Views/template/header_profile.php')
 3 SYSTEMPATH/View/View.php(227): CodeIgniter\View\View->CodeIgniter\View\{closure}()
 4 SYSTEMPATH/Common.php(1180): CodeIgniter\View\View->render('template/header_profile', [], true)
 5 APPPATH/Controllers/ProfileCon.php(15): view('template/header_profile')
 6 SYSTEMPATH/CodeIgniter.php(932): App\Controllers\ProfileCon->profilev2()
 7 SYSTEMPATH/CodeIgniter.php(497): CodeIgniter\CodeIgniter->runController(Object(App\Controllers\ProfileCon))
 8 SYSTEMPATH/CodeIgniter.php(366): CodeIgniter\CodeIgniter->handleRequest(null, Object(Config\Cache), false)
 9 FCPATH/index.php(67): CodeIgniter\CodeIgniter->run()
10 SYSTEMPATH/Commands/Server/rewrite.php(47): require_once('/Users/sunti/hrm-project-frontend/public/index.php')
CRITICAL - 2023-08-03 07:09:26 --> Undefined variable $title
in APPPATH/Views/template/header_profile.php on line 8.
 1 APPPATH/Views/template/header_profile.php(8): CodeIgniter\Debug\Exceptions->errorHandler(2, 'Undefined variable $title', '/Users/sunti/hrm-project-frontend/app/Views/template/header_profile.php', 8)
 2 SYSTEMPATH/View/View.php(224): include('/Users/sunti/hrm-project-frontend/app/Views/template/header_profile.php')
 3 SYSTEMPATH/View/View.php(227): CodeIgniter\View\View->CodeIgniter\View\{closure}()
 4 SYSTEMPATH/Common.php(1180): CodeIgniter\View\View->render('template/header_profile', [], true)
 5 APPPATH/Controllers/ProfileCon.php(15): view('template/header_profile')
 6 SYSTEMPATH/CodeIgniter.php(932): App\Controllers\ProfileCon->profilev2()
 7 SYSTEMPATH/CodeIgniter.php(497): CodeIgniter\CodeIgniter->runController(Object(App\Controllers\ProfileCon))
 8 SYSTEMPATH/CodeIgniter.php(366): CodeIgniter\CodeIgniter->handleRequest(null, Object(Config\Cache), false)
 9 FCPATH/index.php(67): CodeIgniter\CodeIgniter->run()
10 SYSTEMPATH/Commands/Server/rewrite.php(47): require_once('/Users/sunti/hrm-project-frontend/public/index.php')
CRITICAL - 2023-08-03 07:12:19 --> Undefined variable $title
in APPPATH/Views/template/header_profile.php on line 8.
 1 APPPATH/Views/template/header_profile.php(8): CodeIgniter\Debug\Exceptions->errorHandler(2, 'Undefined variable $title', '/Users/sunti/hrm-project-frontend/app/Views/template/header_profile.php', 8)
 2 SYSTEMPATH/View/View.php(224): include('/Users/sunti/hrm-project-frontend/app/Views/template/header_profile.php')
 3 SYSTEMPATH/View/View.php(227): CodeIgniter\View\View->CodeIgniter\View\{closure}()
 4 SYSTEMPATH/Common.php(1180): CodeIgniter\View\View->render('template/header_profile', [], true)
 5 APPPATH/Controllers/ProfileCon.php(15): view('template/header_profile')
 6 SYSTEMPATH/CodeIgniter.php(932): App\Controllers\ProfileCon->profilev2()
 7 SYSTEMPATH/CodeIgniter.php(497): CodeIgniter\CodeIgniter->runController(Object(App\Controllers\ProfileCon))
 8 SYSTEMPATH/CodeIgniter.php(366): CodeIgniter\CodeIgniter->handleRequest(null, Object(Config\Cache), false)
 9 FCPATH/index.php(67): CodeIgniter\CodeIgniter->run()
10 SYSTEMPATH/Commands/Server/rewrite.php(47): require_once('/Users/sunti/hrm-project-frontend/public/index.php')
CRITICAL - 2023-08-03 07:17:06 --> Undefined variable $title
in APPPATH/Views/template/header_profile.php on line 8.
 1 APPPATH/Views/template/header_profile.php(8): CodeIgniter\Debug\Exceptions->errorHandler(2, 'Undefined variable $title', '/Users/sunti/hrm-project-frontend/app/Views/template/header_profile.php', 8)
 2 SYSTEMPATH/View/View.php(224): include('/Users/sunti/hrm-project-frontend/app/Views/template/header_profile.php')
 3 SYSTEMPATH/View/View.php(227): CodeIgniter\View\View->CodeIgniter\View\{closure}()
 4 SYSTEMPATH/Common.php(1180): CodeIgniter\View\View->render('template/header_profile', [], true)
 5 APPPATH/Controllers/ProfileCon.php(15): view('template/header_profile')
 6 SYSTEMPATH/CodeIgniter.php(932): App\Controllers\ProfileCon->profilev2()
 7 SYSTEMPATH/CodeIgniter.php(497): CodeIgniter\CodeIgniter->runController(Object(App\Controllers\ProfileCon))
 8 SYSTEMPATH/CodeIgniter.php(366): CodeIgniter\CodeIgniter->handleRequest(null, Object(Config\Cache), false)
 9 FCPATH/index.php(67): CodeIgniter\CodeIgniter->run()
10 SYSTEMPATH/Commands/Server/rewrite.php(47): require_once('/Users/sunti/hrm-project-frontend/public/index.php')
CRITICAL - 2023-08-03 07:17:07 --> Undefined variable $title
in APPPATH/Views/template/header_profile.php on line 8.
 1 APPPATH/Views/template/header_profile.php(8): CodeIgniter\Debug\Exceptions->errorHandler(2, 'Undefined variable $title', '/Users/sunti/hrm-project-frontend/app/Views/template/header_profile.php', 8)
 2 SYSTEMPATH/View/View.php(224): include('/Users/sunti/hrm-project-frontend/app/Views/template/header_profile.php')
 3 SYSTEMPATH/View/View.php(227): CodeIgniter\View\View->CodeIgniter\View\{closure}()
 4 SYSTEMPATH/Common.php(1180): CodeIgniter\View\View->render('template/header_profile', [], true)
 5 APPPATH/Controllers/ProfileCon.php(15): view('template/header_profile')
 6 SYSTEMPATH/CodeIgniter.php(932): App\Controllers\ProfileCon->profilev2()
 7 SYSTEMPATH/CodeIgniter.php(497): CodeIgniter\CodeIgniter->runController(Object(App\Controllers\ProfileCon))
 8 SYSTEMPATH/CodeIgniter.php(366): CodeIgniter\CodeIgniter->handleRequest(null, Object(Config\Cache), false)
 9 FCPATH/index.php(67): CodeIgniter\CodeIgniter->run()
10 SYSTEMPATH/Commands/Server/rewrite.php(47): require_once('/Users/sunti/hrm-project-frontend/public/index.php')
CRITICAL - 2023-08-03 07:21:56 --> Undefined variable $title
in APPPATH/Views/template/header_profile.php on line 8.
 1 APPPATH/Views/template/header_profile.php(8): CodeIgniter\Debug\Exceptions->errorHandler(2, 'Undefined variable $title', '/Users/sunti/hrm-project-frontend/app/Views/template/header_profile.php', 8)
 2 SYSTEMPATH/View/View.php(224): include('/Users/sunti/hrm-project-frontend/app/Views/template/header_profile.php')
 3 SYSTEMPATH/View/View.php(227): CodeIgniter\View\View->CodeIgniter\View\{closure}()
 4 SYSTEMPATH/Common.php(1180): CodeIgniter\View\View->render('template/header_profile', [], true)
 5 APPPATH/Controllers/ProfileCon.php(15): view('template/header_profile')
 6 SYSTEMPATH/CodeIgniter.php(932): App\Controllers\ProfileCon->profilev2()
 7 SYSTEMPATH/CodeIgniter.php(497): CodeIgniter\CodeIgniter->runController(Object(App\Controllers\ProfileCon))
 8 SYSTEMPATH/CodeIgniter.php(366): CodeIgniter\CodeIgniter->handleRequest(null, Object(Config\Cache), false)
 9 FCPATH/index.php(67): CodeIgniter\CodeIgniter->run()
10 SYSTEMPATH/Commands/Server/rewrite.php(47): require_once('/Users/sunti/hrm-project-frontend/public/index.php')
CRITICAL - 2023-08-03 07:25:55 --> Undefined array key "obj_detail"
in APPPATH/Controllers/ProfileCon.php on line 97.
 1 APPPATH/Controllers/ProfileCon.php(97): CodeIgniter\Debug\Exceptions->errorHandler(2, 'Undefined array key "obj_detail"', '/Users/sunti/hrm-project-frontend/app/Controllers/ProfileCon.php', 97)
 2 SYSTEMPATH/CodeIgniter.php(932): App\Controllers\ProfileCon->profilev2()
 3 SYSTEMPATH/CodeIgniter.php(497): CodeIgniter\CodeIgniter->runController(Object(App\Controllers\ProfileCon))
 4 SYSTEMPATH/CodeIgniter.php(366): CodeIgniter\CodeIgniter->handleRequest(null, Object(Config\Cache), false)
 5 FCPATH/index.php(67): CodeIgniter\CodeIgniter->run()
 6 SYSTEMPATH/Commands/Server/rewrite.php(47): require_once('/Users/sunti/hrm-project-frontend/public/index.php')
CRITICAL - 2023-08-03 07:25:57 --> Undefined array key "obj_detail"
in APPPATH/Controllers/ProfileCon.php on line 97.
 1 APPPATH/Controllers/ProfileCon.php(97): CodeIgniter\Debug\Exceptions->errorHandler(2, 'Undefined array key "obj_detail"', '/Users/sunti/hrm-project-frontend/app/Controllers/ProfileCon.php', 97)
 2 SYSTEMPATH/CodeIgniter.php(932): App\Controllers\ProfileCon->profilev2()
 3 SYSTEMPATH/CodeIgniter.php(497): CodeIgniter\CodeIgniter->runController(Object(App\Controllers\ProfileCon))
 4 SYSTEMPATH/CodeIgniter.php(366): CodeIgniter\CodeIgniter->handleRequest(null, Object(Config\Cache), false)
 5 FCPATH/index.php(67): CodeIgniter\CodeIgniter->run()
 6 SYSTEMPATH/Commands/Server/rewrite.php(47): require_once('/Users/sunti/hrm-project-frontend/public/index.php')
CRITICAL - 2023-08-03 07:26:16 --> Cannot access offset of type string on string
in APPPATH/Views/pages/profilev2.php on line 115.
 1 SYSTEMPATH/View/View.php(224): include()
 2 SYSTEMPATH/View/View.php(227): CodeIgniter\View\View->CodeIgniter\View\{closure}()
 3 SYSTEMPATH/Common.php(1180): CodeIgniter\View\View->render('pages/profilev2', [], true)
 4 APPPATH/Controllers/ProfileCon.php(141): view('pages/profilev2', [...])
 5 SYSTEMPATH/CodeIgniter.php(932): App\Controllers\ProfileCon->profilev2()
 6 SYSTEMPATH/CodeIgniter.php(497): CodeIgniter\CodeIgniter->runController(Object(App\Controllers\ProfileCon))
 7 SYSTEMPATH/CodeIgniter.php(366): CodeIgniter\CodeIgniter->handleRequest(null, Object(Config\Cache), false)
 8 FCPATH/index.php(67): CodeIgniter\CodeIgniter->run()
 9 SYSTEMPATH/Commands/Server/rewrite.php(47): require_once('/Users/sunti/hrm-project-frontend/public/index.php')
CRITICAL - 2023-08-03 07:26:17 --> Cannot access offset of type string on string
in APPPATH/Views/pages/profilev2.php on line 115.
 1 SYSTEMPATH/View/View.php(224): include()
 2 SYSTEMPATH/View/View.php(227): CodeIgniter\View\View->CodeIgniter\View\{closure}()
 3 SYSTEMPATH/Common.php(1180): CodeIgniter\View\View->render('pages/profilev2', [], true)
 4 APPPATH/Controllers/ProfileCon.php(141): view('pages/profilev2', [...])
 5 SYSTEMPATH/CodeIgniter.php(932): App\Controllers\ProfileCon->profilev2()
 6 SYSTEMPATH/CodeIgniter.php(497): CodeIgniter\CodeIgniter->runController(Object(App\Controllers\ProfileCon))
 7 SYSTEMPATH/CodeIgniter.php(366): CodeIgniter\CodeIgniter->handleRequest(null, Object(Config\Cache), false)
 8 FCPATH/index.php(67): CodeIgniter\CodeIgniter->run()
 9 SYSTEMPATH/Commands/Server/rewrite.php(47): require_once('/Users/sunti/hrm-project-frontend/public/index.php')
CRITICAL - 2023-08-03 08:28:39 --> Class "App\Models\UserModel" not found
in APPPATH/Controllers/ProfileCon.php on line 285.
 1 SYSTEMPATH/CodeIgniter.php(932): App\Controllers\ProfileCon->users()
 2 SYSTEMPATH/CodeIgniter.php(497): CodeIgniter\CodeIgniter->runController(Object(App\Controllers\ProfileCon))
 3 SYSTEMPATH/CodeIgniter.php(366): CodeIgniter\CodeIgniter->handleRequest(null, Object(Config\Cache), false)
 4 FCPATH/index.php(67): CodeIgniter\CodeIgniter->run()
 5 SYSTEMPATH/Commands/Server/rewrite.php(47): require_once('/Users/sunti/hrm-project-frontend/public/index.php')
CRITICAL - 2023-08-03 08:29:04 --> Class "App\Models\UserModel" not found
in APPPATH/Controllers/ProfileCon.php on line 285.
 1 SYSTEMPATH/CodeIgniter.php(932): App\Controllers\ProfileCon->users()
 2 SYSTEMPATH/CodeIgniter.php(497): CodeIgniter\CodeIgniter->runController(Object(App\Controllers\ProfileCon))
 3 SYSTEMPATH/CodeIgniter.php(366): CodeIgniter\CodeIgniter->handleRequest(null, Object(Config\Cache), false)
 4 FCPATH/index.php(67): CodeIgniter\CodeIgniter->run()
 5 SYSTEMPATH/Commands/Server/rewrite.php(47): require_once('/Users/sunti/hrm-project-frontend/public/index.php')
CRITICAL - 2023-08-03 08:34:38 --> Class "App\Models\UserModel" not found
in APPPATH/Controllers/ProfileCon.php on line 285.
 1 SYSTEMPATH/CodeIgniter.php(932): App\Controllers\ProfileCon->users()
 2 SYSTEMPATH/CodeIgniter.php(497): CodeIgniter\CodeIgniter->runController(Object(App\Controllers\ProfileCon))
 3 SYSTEMPATH/CodeIgniter.php(366): CodeIgniter\CodeIgniter->handleRequest(null, Object(Config\Cache), false)
 4 FCPATH/index.php(67): CodeIgniter\CodeIgniter->run()
 5 SYSTEMPATH/Commands/Server/rewrite.php(47): require_once('/Users/sunti/hrm-project-frontend/public/index.php')
CRITICAL - 2023-08-03 08:34:43 --> Class "App\Models\UserModel" not found
in APPPATH/Controllers/ProfileCon.php on line 285.
 1 SYSTEMPATH/CodeIgniter.php(932): App\Controllers\ProfileCon->users()
 2 SYSTEMPATH/CodeIgniter.php(497): CodeIgniter\CodeIgniter->runController(Object(App\Controllers\ProfileCon))
 3 SYSTEMPATH/CodeIgniter.php(366): CodeIgniter\CodeIgniter->handleRequest(null, Object(Config\Cache), false)
 4 FCPATH/index.php(67): CodeIgniter\CodeIgniter->run()
 5 SYSTEMPATH/Commands/Server/rewrite.php(47): require_once('/Users/sunti/hrm-project-frontend/public/index.php')
CRITICAL - 2023-08-03 08:34:44 --> Class "App\Models\UserModel" not found
in APPPATH/Controllers/ProfileCon.php on line 285.
 1 SYSTEMPATH/CodeIgniter.php(932): App\Controllers\ProfileCon->users()
 2 SYSTEMPATH/CodeIgniter.php(497): CodeIgniter\CodeIgniter->runController(Object(App\Controllers\ProfileCon))
 3 SYSTEMPATH/CodeIgniter.php(366): CodeIgniter\CodeIgniter->handleRequest(null, Object(Config\Cache), false)
 4 FCPATH/index.php(67): CodeIgniter\CodeIgniter->run()
 5 SYSTEMPATH/Commands/Server/rewrite.php(47): require_once('/Users/sunti/hrm-project-frontend/public/index.php')
CRITICAL - 2023-08-03 08:34:44 --> Class "App\Models\UserModel" not found
in APPPATH/Controllers/ProfileCon.php on line 285.
 1 SYSTEMPATH/CodeIgniter.php(932): App\Controllers\ProfileCon->users()
 2 SYSTEMPATH/CodeIgniter.php(497): CodeIgniter\CodeIgniter->runController(Object(App\Controllers\ProfileCon))
 3 SYSTEMPATH/CodeIgniter.php(366): CodeIgniter\CodeIgniter->handleRequest(null, Object(Config\Cache), false)
 4 FCPATH/index.php(67): CodeIgniter\CodeIgniter->run()
 5 SYSTEMPATH/Commands/Server/rewrite.php(47): require_once('/Users/sunti/hrm-project-frontend/public/index.php')
CRITICAL - 2023-08-03 08:36:38 --> Class "App\Models\UserModel" not found
in APPPATH/Controllers/ProfileCon.php on line 285.
 1 SYSTEMPATH/CodeIgniter.php(932): App\Controllers\ProfileCon->users()
 2 SYSTEMPATH/CodeIgniter.php(497): CodeIgniter\CodeIgniter->runController(Object(App\Controllers\ProfileCon))
 3 SYSTEMPATH/CodeIgniter.php(366): CodeIgniter\CodeIgniter->handleRequest(null, Object(Config\Cache), false)
 4 FCPATH/index.php(67): CodeIgniter\CodeIgniter->run()
 5 SYSTEMPATH/Commands/Server/rewrite.php(47): require_once('/Users/sunti/hrm-project-frontend/public/index.php')
