CRITICAL - 2023-08-22 06:18:40 --> cURL error 7: Failed to connect to localhost port 3333 after 16 ms: Couldn't connect to server (see https://curl.haxx.se/libcurl/c/libcurl-errors.html) for http://localhost:3333/mobile/login
in VENDORPATH/guzzlehttp/guzzle/src/Handler/CurlFactory.php on line 210.
 1 VENDORPATH/guzzlehttp/guzzle/src/Handler/CurlFactory.php(158): GuzzleHttp\Handler\CurlFactory::createRejection(Object(GuzzleHttp\Handler\EasyHandle), [...])
 2 VENDORPATH/guzzlehttp/guzzle/src/Handler/CurlFactory.php(110): GuzzleHttp\Handler\CurlFactory::finishError(Object(GuzzleHttp\Handler\CurlHandler), Object(GuzzleHttp\Handler\EasyHandle), Object(GuzzleHttp\Handler\CurlFactory))
 3 VENDORPATH/guzzlehttp/guzzle/src/Handler/CurlHandler.php(47): GuzzleHttp\Handler\CurlFactory::finish(Object(GuzzleHttp\Handler\CurlHandler), Object(GuzzleHttp\Handler\EasyHandle), Object(GuzzleHttp\Handler\CurlFactory))
 4 VENDORPATH/guzzlehttp/guzzle/src/Handler/Proxy.php(28): GuzzleHttp\Handler\CurlHandler->__invoke(Object(GuzzleHttp\Psr7\Request), [...])
 5 VENDORPATH/guzzlehttp/guzzle/src/Handler/Proxy.php(48): GuzzleHttp\Handler\Proxy::GuzzleHttp\Handler\{closure}(Object(GuzzleHttp\Psr7\Request), [...])
 6 VENDORPATH/guzzlehttp/guzzle/src/PrepareBodyMiddleware.php(64): GuzzleHttp\Handler\Proxy::GuzzleHttp\Handler\{closure}(Object(GuzzleHttp\Psr7\Request), [...])
 7 VENDORPATH/guzzlehttp/guzzle/src/Middleware.php(31): GuzzleHttp\PrepareBodyMiddleware->__invoke(Object(GuzzleHttp\Psr7\Request), [...])
 8 VENDORPATH/guzzlehttp/guzzle/src/RedirectMiddleware.php(71): GuzzleHttp\Middleware::GuzzleHttp\{closure}(Object(GuzzleHttp\Psr7\Request), [...])
 9 VENDORPATH/guzzlehttp/guzzle/src/Middleware.php(66): GuzzleHttp\RedirectMiddleware->__invoke(Object(GuzzleHttp\Psr7\Request), [...])
10 VENDORPATH/guzzlehttp/guzzle/src/HandlerStack.php(75): GuzzleHttp\Middleware::GuzzleHttp\{closure}(Object(GuzzleHttp\Psr7\Request), [...])
11 VENDORPATH/guzzlehttp/guzzle/src/Client.php(333): GuzzleHttp\HandlerStack->__invoke(Object(GuzzleHttp\Psr7\Request), [...])
12 VENDORPATH/guzzlehttp/guzzle/src/Client.php(169): GuzzleHttp\Client->transfer(Object(GuzzleHttp\Psr7\Request), [...])
13 VENDORPATH/guzzlehttp/guzzle/src/Client.php(189): GuzzleHttp\Client->requestAsync('POST', Object(GuzzleHttp\Psr7\Uri), [...])
14 APPPATH/Controllers/LoginController.php(23): GuzzleHttp\Client->request('POST', 'http://localhost:3333/mobile/login', [...])
15 SYSTEMPATH/CodeIgniter.php(932): App\Controllers\LoginController->login('$1')
16 SYSTEMPATH/CodeIgniter.php(497): CodeIgniter\CodeIgniter->runController(Object(App\Controllers\LoginController))
17 SYSTEMPATH/CodeIgniter.php(366): CodeIgniter\CodeIgniter->handleRequest(null, Object(Config\Cache), false)
18 FCPATH/index.php(67): CodeIgniter\CodeIgniter->run()
19 SYSTEMPATH/Commands/Server/rewrite.php(47): require_once('/Users/sunti/hrm-project-frontend/public/index.php')
CRITICAL - 2023-08-22 06:20:26 --> cURL error 7: Failed to connect to localhost port 3333 after 5 ms: Couldn't connect to server (see https://curl.haxx.se/libcurl/c/libcurl-errors.html) for http://localhost:3333/mobile/login
in VENDORPATH/guzzlehttp/guzzle/src/Handler/CurlFactory.php on line 210.
 1 VENDORPATH/guzzlehttp/guzzle/src/Handler/CurlFactory.php(158): GuzzleHttp\Handler\CurlFactory::createRejection(Object(GuzzleHttp\Handler\EasyHandle), [...])
 2 VENDORPATH/guzzlehttp/guzzle/src/Handler/CurlFactory.php(110): GuzzleHttp\Handler\CurlFactory::finishError(Object(GuzzleHttp\Handler\CurlHandler), Object(GuzzleHttp\Handler\EasyHandle), Object(GuzzleHttp\Handler\CurlFactory))
 3 VENDORPATH/guzzlehttp/guzzle/src/Handler/CurlHandler.php(47): GuzzleHttp\Handler\CurlFactory::finish(Object(GuzzleHttp\Handler\CurlHandler), Object(GuzzleHttp\Handler\EasyHandle), Object(GuzzleHttp\Handler\CurlFactory))
 4 VENDORPATH/guzzlehttp/guzzle/src/Handler/Proxy.php(28): GuzzleHttp\Handler\CurlHandler->__invoke(Object(GuzzleHttp\Psr7\Request), [...])
 5 VENDORPATH/guzzlehttp/guzzle/src/Handler/Proxy.php(48): GuzzleHttp\Handler\Proxy::GuzzleHttp\Handler\{closure}(Object(GuzzleHttp\Psr7\Request), [...])
 6 VENDORPATH/guzzlehttp/guzzle/src/PrepareBodyMiddleware.php(64): GuzzleHttp\Handler\Proxy::GuzzleHttp\Handler\{closure}(Object(GuzzleHttp\Psr7\Request), [...])
 7 VENDORPATH/guzzlehttp/guzzle/src/Middleware.php(31): GuzzleHttp\PrepareBodyMiddleware->__invoke(Object(GuzzleHttp\Psr7\Request), [...])
 8 VENDORPATH/guzzlehttp/guzzle/src/RedirectMiddleware.php(71): GuzzleHttp\Middleware::GuzzleHttp\{closure}(Object(GuzzleHttp\Psr7\Request), [...])
 9 VENDORPATH/guzzlehttp/guzzle/src/Middleware.php(66): GuzzleHttp\RedirectMiddleware->__invoke(Object(GuzzleHttp\Psr7\Request), [...])
10 VENDORPATH/guzzlehttp/guzzle/src/HandlerStack.php(75): GuzzleHttp\Middleware::GuzzleHttp\{closure}(Object(GuzzleHttp\Psr7\Request), [...])
11 VENDORPATH/guzzlehttp/guzzle/src/Client.php(333): GuzzleHttp\HandlerStack->__invoke(Object(GuzzleHttp\Psr7\Request), [...])
12 VENDORPATH/guzzlehttp/guzzle/src/Client.php(169): GuzzleHttp\Client->transfer(Object(GuzzleHttp\Psr7\Request), [...])
13 VENDORPATH/guzzlehttp/guzzle/src/Client.php(189): GuzzleHttp\Client->requestAsync('POST', Object(GuzzleHttp\Psr7\Uri), [...])
14 APPPATH/Controllers/LoginController.php(23): GuzzleHttp\Client->request('POST', 'http://localhost:3333/mobile/login', [...])
15 SYSTEMPATH/CodeIgniter.php(932): App\Controllers\LoginController->login('$1')
16 SYSTEMPATH/CodeIgniter.php(497): CodeIgniter\CodeIgniter->runController(Object(App\Controllers\LoginController))
17 SYSTEMPATH/CodeIgniter.php(366): CodeIgniter\CodeIgniter->handleRequest(null, Object(Config\Cache), false)
18 FCPATH/index.php(67): CodeIgniter\CodeIgniter->run()
19 SYSTEMPATH/Commands/Server/rewrite.php(47): require_once('/Users/sunti/hrm-project-frontend/public/index.php')
CRITICAL - 2023-08-22 06:21:23 --> Server error: `POST http://localhost:3333/mobile/login` resulted in a `500 Internal Server Error` response:
{"msg":"something error"}

in VENDORPATH/guzzlehttp/guzzle/src/Exception/RequestException.php on line 113.
 1 VENDORPATH/guzzlehttp/guzzle/src/Middleware.php(72): GuzzleHttp\Exception\RequestException::create(Object(GuzzleHttp\Psr7\Request), Object(GuzzleHttp\Psr7\Response), null, [], null)
 2 VENDORPATH/guzzlehttp/promises/src/Promise.php(209): GuzzleHttp\Middleware::GuzzleHttp\{closure}(Object(GuzzleHttp\Psr7\Response))
 3 VENDORPATH/guzzlehttp/promises/src/Promise.php(158): GuzzleHttp\Promise\Promise::callHandler(1, Object(GuzzleHttp\Psr7\Response), null)
 4 VENDORPATH/guzzlehttp/promises/src/TaskQueue.php(52): GuzzleHttp\Promise\Promise::GuzzleHttp\Promise\{closure}()
 5 VENDORPATH/guzzlehttp/promises/src/Promise.php(251): GuzzleHttp\Promise\TaskQueue->run(true)
 6 VENDORPATH/guzzlehttp/promises/src/Promise.php(227): GuzzleHttp\Promise\Promise->invokeWaitFn()
 7 VENDORPATH/guzzlehttp/promises/src/Promise.php(272): GuzzleHttp\Promise\Promise->waitIfPending()
 8 VENDORPATH/guzzlehttp/promises/src/Promise.php(229): GuzzleHttp\Promise\Promise->invokeWaitList()
 9 VENDORPATH/guzzlehttp/promises/src/Promise.php(69): GuzzleHttp\Promise\Promise->waitIfPending()
10 VENDORPATH/guzzlehttp/guzzle/src/Client.php(189): GuzzleHttp\Promise\Promise->wait()
11 APPPATH/Controllers/LoginController.php(23): GuzzleHttp\Client->request('POST', 'http://localhost:3333/mobile/login', [...])
12 SYSTEMPATH/CodeIgniter.php(932): App\Controllers\LoginController->login('$1')
13 SYSTEMPATH/CodeIgniter.php(497): CodeIgniter\CodeIgniter->runController(Object(App\Controllers\LoginController))
14 SYSTEMPATH/CodeIgniter.php(366): CodeIgniter\CodeIgniter->handleRequest(null, Object(Config\Cache), false)
15 FCPATH/index.php(67): CodeIgniter\CodeIgniter->run()
16 SYSTEMPATH/Commands/Server/rewrite.php(47): require_once('/Users/sunti/hrm-project-frontend/public/index.php')
CRITICAL - 2023-08-22 06:23:52 --> Server error: `POST http://localhost:3333/mobile/login` resulted in a `500 Internal Server Error` response:
{"msg":"something error"}

in VENDORPATH/guzzlehttp/guzzle/src/Exception/RequestException.php on line 113.
 1 VENDORPATH/guzzlehttp/guzzle/src/Middleware.php(72): GuzzleHttp\Exception\RequestException::create(Object(GuzzleHttp\Psr7\Request), Object(GuzzleHttp\Psr7\Response), null, [], null)
 2 VENDORPATH/guzzlehttp/promises/src/Promise.php(209): GuzzleHttp\Middleware::GuzzleHttp\{closure}(Object(GuzzleHttp\Psr7\Response))
 3 VENDORPATH/guzzlehttp/promises/src/Promise.php(158): GuzzleHttp\Promise\Promise::callHandler(1, Object(GuzzleHttp\Psr7\Response), null)
 4 VENDORPATH/guzzlehttp/promises/src/TaskQueue.php(52): GuzzleHttp\Promise\Promise::GuzzleHttp\Promise\{closure}()
 5 VENDORPATH/guzzlehttp/promises/src/Promise.php(251): GuzzleHttp\Promise\TaskQueue->run(true)
 6 VENDORPATH/guzzlehttp/promises/src/Promise.php(227): GuzzleHttp\Promise\Promise->invokeWaitFn()
 7 VENDORPATH/guzzlehttp/promises/src/Promise.php(272): GuzzleHttp\Promise\Promise->waitIfPending()
 8 VENDORPATH/guzzlehttp/promises/src/Promise.php(229): GuzzleHttp\Promise\Promise->invokeWaitList()
 9 VENDORPATH/guzzlehttp/promises/src/Promise.php(69): GuzzleHttp\Promise\Promise->waitIfPending()
10 VENDORPATH/guzzlehttp/guzzle/src/Client.php(189): GuzzleHttp\Promise\Promise->wait()
11 APPPATH/Controllers/LoginController.php(23): GuzzleHttp\Client->request('POST', 'http://localhost:3333/mobile/login', [...])
12 SYSTEMPATH/CodeIgniter.php(932): App\Controllers\LoginController->login('$1')
13 SYSTEMPATH/CodeIgniter.php(497): CodeIgniter\CodeIgniter->runController(Object(App\Controllers\LoginController))
14 SYSTEMPATH/CodeIgniter.php(366): CodeIgniter\CodeIgniter->handleRequest(null, Object(Config\Cache), false)
15 FCPATH/index.php(67): CodeIgniter\CodeIgniter->run()
16 SYSTEMPATH/Commands/Server/rewrite.php(47): require_once('/Users/sunti/hrm-project-frontend/public/index.php')
CRITICAL - 2023-08-22 06:23:57 --> Server error: `POST http://localhost:3333/mobile/login` resulted in a `500 Internal Server Error` response:
{"msg":"something error"}

in VENDORPATH/guzzlehttp/guzzle/src/Exception/RequestException.php on line 113.
 1 VENDORPATH/guzzlehttp/guzzle/src/Middleware.php(72): GuzzleHttp\Exception\RequestException::create(Object(GuzzleHttp\Psr7\Request), Object(GuzzleHttp\Psr7\Response), null, [], null)
 2 VENDORPATH/guzzlehttp/promises/src/Promise.php(209): GuzzleHttp\Middleware::GuzzleHttp\{closure}(Object(GuzzleHttp\Psr7\Response))
 3 VENDORPATH/guzzlehttp/promises/src/Promise.php(158): GuzzleHttp\Promise\Promise::callHandler(1, Object(GuzzleHttp\Psr7\Response), null)
 4 VENDORPATH/guzzlehttp/promises/src/TaskQueue.php(52): GuzzleHttp\Promise\Promise::GuzzleHttp\Promise\{closure}()
 5 VENDORPATH/guzzlehttp/promises/src/Promise.php(251): GuzzleHttp\Promise\TaskQueue->run(true)
 6 VENDORPATH/guzzlehttp/promises/src/Promise.php(227): GuzzleHttp\Promise\Promise->invokeWaitFn()
 7 VENDORPATH/guzzlehttp/promises/src/Promise.php(272): GuzzleHttp\Promise\Promise->waitIfPending()
 8 VENDORPATH/guzzlehttp/promises/src/Promise.php(229): GuzzleHttp\Promise\Promise->invokeWaitList()
 9 VENDORPATH/guzzlehttp/promises/src/Promise.php(69): GuzzleHttp\Promise\Promise->waitIfPending()
10 VENDORPATH/guzzlehttp/guzzle/src/Client.php(189): GuzzleHttp\Promise\Promise->wait()
11 APPPATH/Controllers/LoginController.php(23): GuzzleHttp\Client->request('POST', 'http://localhost:3333/mobile/login', [...])
12 SYSTEMPATH/CodeIgniter.php(932): App\Controllers\LoginController->login('$1')
13 SYSTEMPATH/CodeIgniter.php(497): CodeIgniter\CodeIgniter->runController(Object(App\Controllers\LoginController))
14 SYSTEMPATH/CodeIgniter.php(366): CodeIgniter\CodeIgniter->handleRequest(null, Object(Config\Cache), false)
15 FCPATH/index.php(67): CodeIgniter\CodeIgniter->run()
16 SYSTEMPATH/Commands/Server/rewrite.php(47): require_once('/Users/sunti/hrm-project-frontend/public/index.php')
